<?xml version="1.0" encoding="UTF-8"?>
<!-- Generated by org.testng.reporters.JUnitReportReporter -->
<testsuite hostname="ATMECSINDT-066" failures="0" tests="1" name="com.atmecs.qa.testscripts.WebinarsTest" time="5.516" errors="0" timestamp="01 Aug 2019 14:03:19 GMT" skipped="0">
  <testcase classname="com.atmecs.qa.testscripts.WebinarsTest" name="testWebinars" time="5.516"/>
</testsuite> <!-- com.atmecs.qa.testscripts.WebinarsTest -->
