<?xml version="1.0" encoding="UTF-8"?>
<!-- Generated by org.testng.reporters.JUnitReportReporter -->
<testsuite hostname="ATMECSINDT-066" failures="0" tests="1" name="com.atmecs.qa.testscripts.BlogsTest" time="3.526" errors="0" timestamp="01 Aug 2019 14:05:52 GMT" skipped="0">
  <testcase classname="com.atmecs.qa.testscripts.BlogsTest" name="testBlogs" time="3.526"/>
</testsuite> <!-- com.atmecs.qa.testscripts.BlogsTest -->
