<?xml version="1.0" encoding="UTF-8"?>
<!-- Generated by org.testng.reporters.JUnitReportReporter -->
<testsuite hostname="ATMECSINDT-066" failures="0" tests="1" name="com.atmecs.qa.testscripts.InsightsTest" time="0.355" errors="0" timestamp="02 Aug 2019 12:38:48 GMT" skipped="0">
  <testcase classname="com.atmecs.qa.testscripts.InsightsTest" name="testInsights" time="0.355"/>
</testsuite> <!-- com.atmecs.qa.testscripts.InsightsTest -->
