<?xml version="1.0" encoding="UTF-8"?>
<!-- Generated by org.testng.reporters.JUnitReportReporter -->
<testsuite hostname="ATMECSINDT-066" failures="0" tests="1" name="com.atmecs.qa.testscripts.ThisWeekInDigitalTest" time="3.446" errors="0" timestamp="02 Aug 2019 11:48:51 GMT" skipped="0">
  <testcase classname="com.atmecs.qa.testscripts.ThisWeekInDigitalTest" name="testThisWeekInDigital" time="3.446"/>
</testsuite> <!-- com.atmecs.qa.testscripts.ThisWeekInDigitalTest -->
